<?xml version="1.0" encoding="UTF-8"?>
<testng-results skipped="0" failed="0" ignored="0" total="1" passed="1">
  <reporter-output>
  </reporter-output>
  <suite name="Default suite" duration-ms="5883" started-at="2022-09-05T00:25:49 CDT" finished-at="2022-09-05T00:25:55 CDT">
    <groups>
    </groups>
    <test name="Default test" duration-ms="5883" started-at="2022-09-05T00:25:49 CDT" finished-at="2022-09-05T00:25:55 CDT">
      <class name="test.SecondTestPage">
        <test-method status="PASS" signature="validUserShouldBelandonPage()[pri:0, instance:test.SecondTestPage@15d0c81b]" name="validUserShouldBelandonPage" duration-ms="5851" started-at="2022-09-05T00:25:49 CDT" finished-at="2022-09-05T00:25:55 CDT">
          <reporter-output>
          </reporter-output>
        </test-method> <!-- validUserShouldBelandonPage -->
      </class> <!-- test.SecondTestPage -->
    </test> <!-- Default test -->
  </suite> <!-- Default suite -->
</testng-results>
